Performing C SOURCE FILE Test CMAKE_HAVE_LIBC_PTHREAD failed with the following output:
Change Dir: /home/rwik/proj/Drones/crazyswarm/ros_ws/build/CMakeFiles/CMakeTmp

Run Build Command(s):/usr/bin/make cmTC_99cfd/fast && /usr/bin/make -f CMakeFiles/cmTC_99cfd.dir/build.make CMakeFiles/cmTC_99cfd.dir/build
make[1]: Entering directory '/home/rwik/proj/Drones/crazyswarm/ros_ws/build/CMakeFiles/CMakeTmp'
Building C object CMakeFiles/cmTC_99cfd.dir/src.c.o
/usr/bin/cc   -DCMAKE_HAVE_LIBC_PTHREAD   -o CMakeFiles/cmTC_99cfd.dir/src.c.o   -c /home/rwik/proj/Drones/crazyswarm/ros_ws/build/CMakeFiles/CMakeTmp/src.c
Linking C executable cmTC_99cfd
/usr/bin/cmake -E cmake_link_script CMakeFiles/cmTC_99cfd.dir/link.txt --verbose=1
/usr/bin/cc  -DCMAKE_HAVE_LIBC_PTHREAD    -rdynamic CMakeFiles/cmTC_99cfd.dir/src.c.o  -o cmTC_99cfd 
/usr/bin/ld: CMakeFiles/cmTC_99cfd.dir/src.c.o: in function `main':
src.c:(.text+0x46): undefined reference to `pthread_create'
/usr/bin/ld: src.c:(.text+0x52): undefined reference to `pthread_detach'
/usr/bin/ld: src.c:(.text+0x63): undefined reference to `pthread_join'
collect2: error: ld returned 1 exit status
make[1]: *** [CMakeFiles/cmTC_99cfd.dir/build.make:87: cmTC_99cfd] Error 1
make[1]: Leaving directory '/home/rwik/proj/Drones/crazyswarm/ros_ws/build/CMakeFiles/CMakeTmp'
make: *** [Makefile:121: cmTC_99cfd/fast] Error 2


Source file was:
#include <pthread.h>

void* test_func(void* data)
{
  return data;
}

int main(void)
{
  pthread_t thread;
  pthread_create(&thread, NULL, test_func, NULL);
  pthread_detach(thread);
  pthread_join(thread, NULL);
  pthread_atfork(NULL, NULL, NULL);
  pthread_exit(NULL);

  return 0;
}

Determining if the function pthread_create exists in the pthreads failed with the following output:
Change Dir: /home/rwik/proj/Drones/crazyswarm/ros_ws/build/CMakeFiles/CMakeTmp

Run Build Command(s):/usr/bin/make cmTC_13d11/fast && /usr/bin/make -f CMakeFiles/cmTC_13d11.dir/build.make CMakeFiles/cmTC_13d11.dir/build
make[1]: Entering directory '/home/rwik/proj/Drones/crazyswarm/ros_ws/build/CMakeFiles/CMakeTmp'
Building C object CMakeFiles/cmTC_13d11.dir/CheckFunctionExists.c.o
/usr/bin/cc   -DCHECK_FUNCTION_EXISTS=pthread_create   -o CMakeFiles/cmTC_13d11.dir/CheckFunctionExists.c.o   -c /usr/share/cmake-3.16/Modules/CheckFunctionExists.c
Linking C executable cmTC_13d11
/usr/bin/cmake -E cmake_link_script CMakeFiles/cmTC_13d11.dir/link.txt --verbose=1
/usr/bin/cc  -DCHECK_FUNCTION_EXISTS=pthread_create    -rdynamic CMakeFiles/cmTC_13d11.dir/CheckFunctionExists.c.o  -o cmTC_13d11  -lpthreads 
/usr/bin/ld: cannot find -lpthreads
collect2: error: ld returned 1 exit status
make[1]: *** [CMakeFiles/cmTC_13d11.dir/build.make:87: cmTC_13d11] Error 1
make[1]: Leaving directory '/home/rwik/proj/Drones/crazyswarm/ros_ws/build/CMakeFiles/CMakeTmp'
make: *** [Makefile:121: cmTC_13d11/fast] Error 2



Determining if the Perl module Parse::RecDescent exists failed with the following error output:
Can't locate Parse/RecDescent.pm in @INC (you may need to install the Parse::RecDescent module) (@INC contains: /etc/perl /usr/local/lib/x86_64-linux-gnu/perl/5.30.0 /usr/local/share/perl/5.30.0 /usr/lib/x86_64-linux-gnu/perl5/5.30 /usr/share/perl5 /usr/lib/x86_64-linux-gnu/perl/5.30 /usr/share/perl/5.30 /usr/local/lib/site_perl /usr/lib/x86_64-linux-gnu/perl-base) at -e line 1.
BEGIN failed--compilation aborted at -e line 1.


Determining if the Perl module Parse::RecDescent exists failed with the following error output:
Can't locate Parse/RecDescent.pm in @INC (you may need to install the Parse::RecDescent module) (@INC contains: /etc/perl /usr/local/lib/x86_64-linux-gnu/perl/5.30.0 /usr/local/share/perl/5.30.0 /usr/lib/x86_64-linux-gnu/perl5/5.30 /usr/share/perl5 /usr/lib/x86_64-linux-gnu/perl/5.30 /usr/share/perl/5.30 /usr/local/lib/site_perl /usr/lib/x86_64-linux-gnu/perl-base) at -e line 1.
BEGIN failed--compilation aborted at -e line 1.


Determining if the Perl module Parse::RecDescent exists failed with the following error output:
Can't locate Parse/RecDescent.pm in @INC (you may need to install the Parse::RecDescent module) (@INC contains: /etc/perl /usr/local/lib/x86_64-linux-gnu/perl/5.30.0 /usr/local/share/perl/5.30.0 /usr/lib/x86_64-linux-gnu/perl5/5.30 /usr/share/perl5 /usr/lib/x86_64-linux-gnu/perl/5.30 /usr/share/perl/5.30 /usr/local/lib/site_perl /usr/lib/x86_64-linux-gnu/perl-base) at -e line 1.
BEGIN failed--compilation aborted at -e line 1.


